<?xml version="1.0" encoding="UTF-8"?>
<!-- Generated by org.testng.reporters.JUnitXMLReporter -->
<testsuite ignored="0" hostname="DESKTOP-25U3KEB" failures="0" tests="4" name="Default test" time="3.244" errors="0" timestamp="30 Nov 2020 10:32:57 GMT">
  <testcase classname="testcases.LoginTest" name="doLogin" time="0.996"/>
  <testcase classname="testcases.LoginTest" name="doLogin" time="0.529"/>
  <testcase classname="testcases.LoginTest" name="doLogin" time="0.415"/>
  <testcase classname="testcases.LoginTest" name="doLogin" time="0.38"/>
</testsuite> <!-- Default test -->
