<?xml version="1.0" encoding="UTF-8"?>
<testng-results ignored="0" total="1" passed="1" failed="0" skipped="0">
  <reporter-output>
  </reporter-output>
  <suite started-at="2020-12-05T18:02:36Z" name="Suite" finished-at="2020-12-05T18:02:41Z" duration-ms="5008">
    <groups>
    </groups>
    <test started-at="2020-12-05T18:02:36Z" name="Add Customer Test" finished-at="2020-12-05T18:02:41Z" duration-ms="5008">
      <class name="testcases.AddCustomerTest">
        <test-method is-config="true" signature="setUp()[pri:0, instance:testcases.AddCustomerTest@6c25e6c4]" started-at="2020-12-05T18:02:19Z" name="setUp" finished-at="2020-12-05T18:02:36Z" duration-ms="17667" status="PASS">
          <reporter-output>
          </reporter-output>
        </test-method> <!-- setUp -->
        <test-method signature="addCustomerTest(java.lang.String, java.lang.String, java.lang.String)[pri:0, instance:testcases.AddCustomerTest@6c25e6c4]" started-at="2020-12-05T18:02:36Z" name="addCustomerTest" data-provider="dp" finished-at="2020-12-05T18:02:41Z" duration-ms="4727" status="PASS">
          <params>
            <param index="0">
              <value>
                <![CDATA[Marvin]]>
              </value>
            </param>
            <param index="1">
              <value>
                <![CDATA[Minerva]]>
              </value>
            </param>
            <param index="2">
              <value>
                <![CDATA[GRY7890]]>
              </value>
            </param>
          </params>
          <reporter-output>
          </reporter-output>
        </test-method> <!-- addCustomerTest -->
        <test-method is-config="true" signature="tearDown()[pri:0, instance:testcases.AddCustomerTest@6c25e6c4]" started-at="2020-12-05T18:02:43Z" name="tearDown" finished-at="2020-12-05T18:02:43Z" duration-ms="1" status="PASS">
          <reporter-output>
          </reporter-output>
        </test-method> <!-- tearDown -->
      </class> <!-- testcases.AddCustomerTest -->
    </test> <!-- Add Customer Test -->
  </suite> <!-- Suite -->
</testng-results>
